# JRE version: OpenJDK Runtime Environment (8.0_292-b10) (build 1.8.0_292-b10)
# Java VM: OpenJDK 64-Bit Server VM (25.292-b10 mixed mode windows-amd64 compressed oops)
Heap:
 PSYoungGen      total 421376K, used 15019K [0x00000006c3200000, 0x00000006ded00000, 0x00000007c0000000)
  eden space 389120K, 3% used [0x00000006c3200000,0x00000006c40aac80,0x00000006dae00000)
  from space 32256K, 0% used [0x00000006dcd80000,0x00000006dcd80000,0x00000006ded00000)
  to   space 32256K, 0% used [0x00000006dae00000,0x00000006dae00000,0x00000006dcd80000)
 ParOldGen       total 295424K, used 18083K [0x00000004c9600000, 0x00000004db680000, 0x00000006c3200000)
  object space 295424K, 6% used [0x00000004c9600000,0x00000004ca7a8c18,0x00000004db680000)
 Metaspace       used 21544K, capacity 21794K, committed 22016K, reserved 1069056K
  class space    used 2690K, capacity 2761K, committed 2816K, reserved 1048576K
GC Heap History (6 events):
Event: 1.354 GC heap before
{Heap before GC invocations=1 (full 0):
 PSYoungGen      total 226816K, used 194560K [0x00000006c3200000, 0x00000006d2f00000, 0x00000007c0000000)
  eden space 194560K, 100% used [0x00000006c3200000,0x00000006cf000000,0x00000006cf000000)
  from space 32256K, 0% used [0x00000006d0f80000,0x00000006d0f80000,0x00000006d2f00000)
  to   space 32256K, 0% used [0x00000006cf000000,0x00000006cf000000,0x00000006d0f80000)
 ParOldGen       total 519168K, used 0K [0x00000004c9600000, 0x00000004e9100000, 0x00000006c3200000)
  object space 519168K, 0% used [0x00000004c9600000,0x00000004c9600000,0x00000004e9100000)
 Metaspace       used 20242K, capacity 20468K, committed 20608K, reserved 1067008K
  class space    used 2575K, capacity 2652K, committed 2688K, reserved 1048576K
Event: 1.371 GC heap after
Heap after GC invocations=1 (full 0):
 PSYoungGen      total 226816K, used 31047K [0x00000006c3200000, 0x00000006ded00000, 0x00000007c0000000)
  eden space 194560K, 0% used [0x00000006c3200000,0x00000006c3200000,0x00000006cf000000)
  from space 32256K, 96% used [0x00000006cf000000,0x00000006d0e51c58,0x00000006d0f80000)
  to   space 32256K, 0% used [0x00000006dcd80000,0x00000006dcd80000,0x00000006ded00000)
 ParOldGen       total 519168K, used 40K [0x00000004c9600000, 0x00000004e9100000, 0x00000006c3200000)
  object space 519168K, 0% used [0x00000004c9600000,0x00000004c960a000,0x00000004e9100000)
 Metaspace       used 20242K, capacity 20468K, committed 20608K, reserved 1067008K
  class space    used 2575K, capacity 2652K, committed 2688K, reserved 1048576K
}
Event: 1.542 GC heap before
{Heap before GC invocations=2 (full 0):
 PSYoungGen      total 226816K, used 75013K [0x00000006c3200000, 0x00000006ded00000, 0x00000007c0000000)
  eden space 194560K, 22% used [0x00000006c3200000,0x00000006c5cef958,0x00000006cf000000)
  from space 32256K, 96% used [0x00000006cf000000,0x00000006d0e51c58,0x00000006d0f80000)
  to   space 32256K, 0% used [0x00000006dcd80000,0x00000006dcd80000,0x00000006ded00000)
 ParOldGen       total 519168K, used 40K [0x00000004c9600000, 0x00000004e9100000, 0x00000006c3200000)
  object space 519168K, 0% used [0x00000004c9600000,0x00000004c960a000,0x00000004e9100000)
 Metaspace       used 20802K, capacity 21090K, committed 21248K, reserved 1067008K
  class space    used 2609K, capacity 2697K, committed 2816K, reserved 1048576K
Event: 1.547 GC heap after
Heap after GC invocations=2 (full 0):
 PSYoungGen      total 421376K, used 18352K [0x00000006c3200000, 0x00000006ded00000, 0x00000007c0000000)
  eden space 389120K, 0% used [0x00000006c3200000,0x00000006c3200000,0x00000006dae00000)
  from space 32256K, 56% used [0x00000006dcd80000,0x00000006ddf6c088,0x00000006ded00000)
  to   space 32256K, 0% used [0x00000006dae00000,0x00000006dae00000,0x00000006dcd80000)
 ParOldGen       total 519168K, used 48K [0x00000004c9600000, 0x00000004e9100000, 0x00000006c3200000)
  object space 519168K, 0% used [0x00000004c9600000,0x00000004c960c000,0x00000004e9100000)
 Metaspace       used 20802K, capacity 21090K, committed 21248K, reserved 1067008K
  class space    used 2609K, capacity 2697K, committed 2816K, reserved 1048576K
}
Event: 1.547 GC heap before
{Heap before GC invocations=3 (full 1):
 PSYoungGen      total 421376K, used 18352K [0x00000006c3200000, 0x00000006ded00000, 0x00000007c0000000)
  eden space 389120K, 0% used [0x00000006c3200000,0x00000006c3200000,0x00000006dae00000)
  from space 32256K, 56% used [0x00000006dcd80000,0x00000006ddf6c088,0x00000006ded00000)
  to   space 32256K, 0% used [0x00000006dae00000,0x00000006dae00000,0x00000006dcd80000)
 ParOldGen       total 519168K, used 48K [0x00000004c9600000, 0x00000004e9100000, 0x00000006c3200000)
  object space 519168K, 0% used [0x00000004c9600000,0x00000004c960c000,0x00000004e9100000)
 Metaspace       used 20802K, capacity 21090K, committed 21248K, reserved 1067008K
  class space    used 2609K, capacity 2697K, committed 2816K, reserved 1048576K
Event: 1.573 GC heap after
Heap after GC invocations=3 (full 1):
 PSYoungGen      total 421376K, used 0K [0x00000006c3200000, 0x00000006ded00000, 0x00000007c0000000)
  eden space 389120K, 0% used [0x00000006c3200000,0x00000006c3200000,0x00000006dae00000)
  from space 32256K, 0% used [0x00000006dcd80000,0x00000006dcd80000,0x00000006ded00000)
  to   space 32256K, 0% used [0x00000006dae00000,0x00000006dae00000,0x00000006dcd80000)
 ParOldGen       total 295424K, used 18083K [0x00000004c9600000, 0x00000004db680000, 0x00000006c3200000)
  object space 295424K, 6% used [0x00000004c9600000,0x00000004ca7a8c18,0x00000004db680000)
 Metaspace       used 20802K, capacity 21090K, committed 21248K, reserved 1067008K
  class space    used 2609K, capacity 2697K, committed 2816K, reserved 1048576K
}

